TN:
SF:src/app.controller.ts
FN:6,(anonymous_2)
FN:9,(anonymous_3)
FNF:2
FNH:2
FNDA:1,(anonymous_2)
FNDA:1,(anonymous_3)
DA:1,1
DA:2,1
DA:5,1
DA:6,1
DA:9,1
DA:10,1
LF:6
LH:6
BRDA:6,0,0,1
BRDA:6,0,1,0
BRDA:6,1,0,1
BRDA:6,1,1,1
BRF:4
BRH:3
end_of_record
TN:
SF:src/app.service.ts
FN:5,(anonymous_1)
FNF:1
FNH:1
FNDA:1,(anonymous_1)
DA:1,1
DA:4,1
DA:6,1
LF:3
LH:3
BRF:0
BRH:0
end_of_record
TN:
SF:src/modules/auth/admin.controller.ts
FN:12,(anonymous_2)
FNF:1
FNH:0
FNDA:0,(anonymous_2)
DA:1,0
DA:2,0
DA:3,0
DA:4,0
DA:5,0
DA:9,0
DA:12,0
DA:13,0
LF:8
LH:0
BRF:0
BRH:0
end_of_record
TN:
SF:src/modules/auth/auth.controller.ts
FN:9,(anonymous_4)
FN:12,(anonymous_5)
FN:17,(anonymous_6)
FN:23,(anonymous_7)
FNF:4
FNH:4
FNDA:3,(anonymous_4)
FNDA:1,(anonymous_5)
FNDA:1,(anonymous_6)
FNDA:1,(anonymous_7)
DA:1,1
DA:2,1
DA:3,1
DA:4,1
DA:5,1
DA:8,1
DA:9,3
DA:12,1
DA:13,1
DA:17,1
DA:18,1
DA:23,1
DA:24,1
LF:13
LH:13
BRDA:12,0,0,1
BRDA:12,0,1,0
BRDA:12,1,0,1
BRDA:12,1,1,1
BRDA:17,2,0,1
BRDA:17,2,1,0
BRDA:17,3,0,1
BRDA:17,3,1,1
BRDA:9,4,0,1
BRDA:9,4,1,0
BRDA:9,5,0,1
BRDA:9,5,1,1
BRF:12
BRH:9
end_of_record
TN:
SF:src/modules/auth/auth.service.ts
FN:15,(anonymous_11)
FN:21,(anonymous_12)
FN:39,(anonymous_13)
FN:54,(anonymous_14)
FN:61,(anonymous_15)
FNF:5
FNH:4
FNDA:5,(anonymous_11)
FNDA:2,(anonymous_12)
FNDA:3,(anonymous_13)
FNDA:2,(anonymous_14)
FNDA:0,(anonymous_15)
DA:1,2
DA:6,2
DA:7,2
DA:8,2
DA:11,2
DA:14,2
DA:16,5
DA:17,5
DA:18,5
DA:22,2
DA:23,2
DA:25,1
DA:27,1
DA:35,1
DA:36,1
DA:40,3
DA:41,3
DA:43,2
DA:44,2
DA:46,1
DA:48,1
DA:55,2
DA:62,0
LF:23
LH:22
BRDA:23,0,0,1
BRDA:23,0,1,1
BRDA:31,1,0,1
BRDA:31,1,1,1
BRDA:41,2,0,1
BRDA:41,2,1,2
BRDA:44,3,0,1
BRDA:44,3,1,1
BRDA:16,4,0,2
BRDA:16,4,1,0
BRDA:16,5,0,2
BRDA:16,5,1,2
BRDA:16,6,0,2
BRDA:16,6,1,0
BRDA:16,7,0,2
BRDA:16,7,1,2
BRDA:17,8,0,2
BRDA:17,8,1,0
BRDA:17,9,0,2
BRDA:17,9,1,2
BRF:20
BRH:17
end_of_record
TN:
SF:src/modules/auth/jwt.guard.ts
FNF:0
FNH:0
DA:1,7
DA:2,7
DA:5,7
LF:3
LH:3
BRF:0
BRH:0
end_of_record
TN:
SF:src/modules/auth/jwt.strategy.ts
FN:8,(anonymous_2)
FN:14,(anonymous_3)
FNF:2
FNH:0
FNDA:0,(anonymous_2)
FNDA:0,(anonymous_3)
DA:1,0
DA:2,0
DA:3,0
DA:4,0
DA:7,0
DA:8,0
DA:9,0
DA:15,0
DA:16,0
DA:17,0
LF:10
LH:0
BRDA:11,0,0,0
BRDA:11,0,1,0
BRDA:16,1,0,0
BRDA:16,1,1,0
BRDA:8,2,0,0
BRDA:8,2,1,0
BRDA:8,3,0,0
BRDA:8,3,1,0
BRF:8
BRH:0
end_of_record
TN:
SF:src/modules/auth/profile.controller.ts
FN:13,(anonymous_4)
FNF:1
FNH:0
FNDA:0,(anonymous_4)
DA:1,0
DA:2,0
DA:3,0
DA:4,0
DA:6,0
DA:10,0
DA:13,0
DA:14,0
LF:8
LH:0
BRF:0
BRH:0
end_of_record
TN:
SF:src/modules/auth/roles.decorator.ts
FN:5,(anonymous_0)
FNF:1
FNH:0
FNDA:0,(anonymous_0)
DA:1,0
DA:4,0
DA:5,0
LF:3
LH:0
BRF:0
BRH:0
end_of_record
TN:
SF:src/modules/auth/roles.enum.ts
FN:1,(anonymous_0)
FNF:1
FNH:0
FNDA:0,(anonymous_0)
DA:1,0
DA:2,0
DA:3,0
LF:3
LH:0
BRDA:1,0,0,0
BRDA:1,0,1,0
BRF:2
BRH:0
end_of_record
TN:
SF:src/modules/auth/roles.guard.ts
FN:8,(anonymous_2)
FN:10,(anonymous_3)
FNF:2
FNH:0
FNDA:0,(anonymous_2)
FNDA:0,(anonymous_3)
DA:1,0
DA:2,0
DA:3,0
DA:7,0
DA:8,0
DA:11,0
DA:15,0
DA:16,0
DA:18,0
DA:19,0
LF:10
LH:0
BRDA:15,0,0,0
BRDA:15,0,1,0
BRDA:19,1,0,0
BRDA:19,1,1,0
BRDA:8,2,0,0
BRDA:8,2,1,0
BRDA:8,3,0,0
BRDA:8,3,1,0
BRF:8
BRH:0
end_of_record
TN:
SF:src/modules/auth/dto/login.dto.ts
FNF:0
FNH:0
DA:1,1
DA:3,1
DA:5,1
DA:8,1
LF:4
LH:4
BRF:0
BRH:0
end_of_record
TN:
SF:src/modules/auth/dto/register.dto.ts
FNF:0
FNH:0
DA:1,1
DA:8,1
DA:10,1
DA:12,1
DA:16,1
DA:19,1
DA:22,1
DA:25,1
DA:28,1
DA:32,1
DA:35,1
LF:11
LH:11
BRDA:35,0,0,0
BRDA:35,0,1,1
BRDA:35,1,0,1
BRDA:35,1,1,1
BRF:4
BRH:3
end_of_record
TN:
SF:src/modules/completed-workout/completed-workout.controller.ts
FN:20,(anonymous_4)
FN:23,(anonymous_5)
FN:27,(anonymous_6)
FN:32,(anonymous_7)
FN:37,(anonymous_8)
FN:46,(anonymous_9)
FNF:6
FNH:6
FNDA:5,(anonymous_4)
FNDA:1,(anonymous_5)
FNDA:1,(anonymous_6)
FNDA:1,(anonymous_7)
FNDA:1,(anonymous_8)
FNDA:1,(anonymous_9)
DA:1,1
DA:12,1
DA:13,1
DA:14,1
DA:15,1
DA:19,1
DA:20,5
DA:23,1
DA:24,1
DA:27,1
DA:28,1
DA:32,1
DA:33,1
DA:37,1
DA:42,1
DA:46,1
DA:47,1
LF:17
LH:17
BRDA:23,0,0,1
BRDA:23,0,1,0
BRDA:23,1,0,1
BRDA:23,1,1,1
BRDA:40,2,0,1
BRDA:40,2,1,0
BRDA:40,3,0,1
BRDA:40,3,1,1
BRDA:20,4,0,1
BRDA:20,4,1,0
BRDA:20,5,0,1
BRDA:20,5,1,1
BRF:12
BRH:9
end_of_record
TN:
SF:src/modules/completed-workout/completed-workout.service.ts
FN:8,(anonymous_2)
FN:13,(anonymous_3)
FN:23,(anonymous_4)
FN:41,(anonymous_5)
FN:51,(anonymous_6)
FN:63,(anonymous_7)
FN:91,(anonymous_8)
FNF:7
FNH:4
FNDA:2,(anonymous_2)
FNDA:1,(anonymous_3)
FNDA:1,(anonymous_4)
FNDA:1,(anonymous_5)
FNDA:0,(anonymous_6)
FNDA:0,(anonymous_7)
FNDA:0,(anonymous_8)
DA:1,2
DA:2,2
DA:7,2
DA:8,2
DA:14,1
DA:23,1
DA:42,1
DA:52,0
DA:56,0
DA:57,0
DA:64,0
DA:67,0
DA:69,0
DA:70,0
DA:71,0
DA:72,0
DA:73,0
DA:75,0
DA:76,0
DA:81,0
DA:92,0
DA:95,0
DA:97,0
LF:23
LH:7
BRDA:17,0,0,0
BRDA:17,0,1,1
BRDA:19,1,0,1
BRDA:19,1,1,0
BRDA:20,2,0,1
BRDA:20,2,1,0
BRDA:21,3,0,1
BRDA:21,3,1,0
BRDA:25,4,0,1
BRDA:25,4,1,0
BRDA:26,5,0,1
BRDA:26,5,1,0
BRDA:27,6,0,1
BRDA:27,6,1,1
BRDA:28,7,0,1
BRDA:28,7,1,1
BRDA:29,8,0,1
BRDA:29,8,1,1
BRDA:56,9,0,0
BRDA:56,9,1,0
BRDA:67,10,0,0
BRDA:67,10,1,0
BRDA:70,11,0,0
BRDA:70,11,1,0
BRDA:71,12,0,0
BRDA:71,12,1,0
BRDA:72,13,0,0
BRDA:72,13,1,0
BRDA:73,14,0,0
BRDA:73,14,1,0
BRDA:75,15,0,0
BRDA:75,15,1,0
BRDA:76,16,0,0
BRDA:76,16,1,0
BRDA:95,17,0,0
BRDA:95,17,1,0
BRDA:8,18,0,2
BRDA:8,18,1,0
BRDA:8,19,0,2
BRDA:8,19,1,2
BRF:40
BRH:15
end_of_record
TN:
SF:src/modules/completed-workout/dto/create-completed-workout.dto.ts
FN:58,(anonymous_2)
FNF:1
FNH:0
FNDA:0,(anonymous_2)
DA:1,1
DA:9,1
DA:13,1
DA:17,1
DA:21,1
DA:25,1
DA:29,1
DA:33,1
DA:36,1
DA:38,1
DA:42,1
DA:45,1
DA:49,1
DA:53,1
DA:58,0
DA:59,1
LF:16
LH:15
BRF:0
BRH:0
end_of_record
TN:
SF:src/modules/completed-workout/dto/update-completed-workout.dto.ts
FNF:0
FNH:0
DA:1,1
DA:2,1
DA:4,1
LF:3
LH:3
BRF:0
BRH:0
end_of_record
TN:
SF:src/modules/history/history.controller.ts
FN:20,(anonymous_4)
FN:23,(anonymous_5)
FN:29,(anonymous_6)
FN:34,(anonymous_7)
FN:43,(anonymous_8)
FNF:5
FNH:5
FNDA:4,(anonymous_4)
FNDA:1,(anonymous_5)
FNDA:1,(anonymous_6)
FNDA:1,(anonymous_7)
FNDA:1,(anonymous_8)
DA:1,1
DA:12,1
DA:13,1
DA:14,1
DA:15,1
DA:19,1
DA:20,4
DA:23,1
DA:24,1
DA:25,1
DA:29,1
DA:30,1
DA:34,1
DA:39,1
DA:43,1
LF:15
LH:15
BRDA:23,0,0,1
BRDA:23,0,1,0
BRDA:23,1,0,1
BRDA:23,1,1,1
BRDA:37,2,0,1
BRDA:37,2,1,0
BRDA:37,3,0,1
BRDA:37,3,1,1
BRDA:20,4,0,1
BRDA:20,4,1,0
BRDA:20,5,0,1
BRDA:20,5,1,1
BRF:12
BRH:9
end_of_record
TN:
SF:src/modules/history/history.service.ts
FN:8,(anonymous_2)
FN:13,(anonymous_3)
FN:27,(anonymous_4)
FN:47,(anonymous_5)
FN:57,(anonymous_6)
FN:70,(anonymous_7)
FN:95,(anonymous_8)
FNF:7
FNH:7
FNDA:7,(anonymous_2)
FNDA:1,(anonymous_3)
FNDA:1,(anonymous_4)
FNDA:1,(anonymous_5)
FNDA:2,(anonymous_6)
FNDA:1,(anonymous_7)
FNDA:2,(anonymous_8)
DA:1,2
DA:2,2
DA:7,2
DA:8,7
DA:14,1
DA:21,1
DA:22,1
DA:25,1
DA:26,1
DA:27,1
DA:38,1
DA:48,1
DA:58,2
DA:63,2
DA:64,1
DA:71,1
DA:73,1
DA:74,1
DA:75,1
DA:77,1
DA:78,1
DA:86,1
DA:97,2
DA:100,2
DA:102,1
LF:25
LH:25
BRDA:17,0,0,1
BRDA:17,0,1,1
BRDA:18,1,0,1
BRDA:18,1,1,1
BRDA:21,2,0,1
BRDA:21,2,1,0
BRDA:25,3,0,1
BRDA:25,3,1,0
BRDA:25,4,0,1
BRDA:25,4,1,1
BRDA:29,5,0,1
BRDA:29,5,1,0
BRDA:30,6,0,1
BRDA:30,6,1,0
BRDA:31,7,0,1
BRDA:31,7,1,1
BRDA:32,8,0,1
BRDA:32,8,1,1
BRDA:33,9,0,1
BRDA:33,9,1,1
BRDA:63,10,0,1
BRDA:63,10,1,1
BRDA:73,11,0,0
BRDA:73,11,1,1
BRDA:74,12,0,0
BRDA:74,12,1,1
BRDA:75,13,0,1
BRDA:75,13,1,0
BRDA:77,14,0,1
BRDA:77,14,1,0
BRDA:78,15,0,1
BRDA:78,15,1,0
BRDA:100,16,0,1
BRDA:100,16,1,1
BRDA:8,17,0,2
BRDA:8,17,1,0
BRDA:8,18,0,2
BRDA:8,18,1,2
BRF:38
BRH:28
end_of_record
TN:
SF:src/modules/history/dto/create-completed-workout.dto.ts
FN:58,(anonymous_2)
FNF:1
FNH:0
FNDA:0,(anonymous_2)
DA:1,1
DA:9,1
DA:13,1
DA:17,1
DA:21,1
DA:25,1
DA:29,1
DA:33,1
DA:36,1
DA:38,1
DA:42,1
DA:45,1
DA:49,1
DA:53,1
DA:58,0
DA:59,1
LF:16
LH:15
BRF:0
BRH:0
end_of_record
TN:
SF:src/modules/history/dto/update-completed-workout.dto.ts
FNF:0
FNH:0
DA:1,1
DA:3,1
DA:6,1
DA:10,1
DA:14,1
DA:18,1
LF:6
LH:6
BRF:0
BRH:0
end_of_record
TN:
SF:src/modules/profile/profile.controller.ts
FN:19,(anonymous_4)
FN:22,(anonymous_5)
FN:27,(anonymous_6)
FN:32,(anonymous_7)
FN:37,(anonymous_8)
FNF:5
FNH:5
FNDA:4,(anonymous_4)
FNDA:1,(anonymous_5)
FNDA:1,(anonymous_6)
FNDA:1,(anonymous_7)
FNDA:1,(anonymous_8)
DA:1,1
DA:11,1
DA:12,1
DA:13,1
DA:14,1
DA:18,1
DA:19,4
DA:22,1
DA:23,1
DA:27,1
DA:28,1
DA:32,1
DA:33,1
DA:37,1
DA:38,1
LF:15
LH:15
BRDA:22,0,0,1
BRDA:22,0,1,0
BRDA:22,1,0,1
BRDA:22,1,1,1
BRDA:32,2,0,1
BRDA:32,2,1,0
BRDA:32,3,0,1
BRDA:32,3,1,1
BRDA:19,4,0,1
BRDA:19,4,1,0
BRDA:19,5,0,1
BRDA:19,5,1,1
BRF:12
BRH:9
end_of_record
TN:
SF:src/modules/profile/profile.service.ts
FN:8,(anonymous_2)
FN:10,(anonymous_3)
FN:19,(anonymous_4)
FN:27,(anonymous_5)
FN:34,(anonymous_6)
FNF:5
FNH:5
FNDA:5,(anonymous_2)
FNDA:1,(anonymous_3)
FNDA:2,(anonymous_4)
FNDA:1,(anonymous_5)
FNDA:1,(anonymous_6)
DA:1,2
DA:2,2
DA:7,2
DA:8,5
DA:11,1
DA:20,2
DA:23,2
DA:24,1
DA:28,1
DA:35,1
LF:10
LH:10
BRDA:23,0,0,1
BRDA:23,0,1,1
BRDA:8,1,0,2
BRDA:8,1,1,0
BRDA:8,2,0,2
BRDA:8,2,1,2
BRF:6
BRH:5
end_of_record
TN:
SF:src/modules/profile/dto/create-profile.dto.ts
FNF:0
FNH:0
DA:1,1
LF:1
LH:1
BRF:0
BRH:0
end_of_record
TN:
SF:src/modules/profile/dto/update-profile.dto.ts
FNF:0
FNH:0
DA:1,1
LF:1
LH:1
BRF:0
BRH:0
end_of_record
TN:
SF:src/modules/progress/progress.controller.ts
FN:20,(anonymous_4)
FN:23,(anonymous_5)
FN:28,(anonymous_6)
FN:33,(anonymous_7)
FN:38,(anonymous_8)
FN:43,(anonymous_9)
FNF:6
FNH:6
FNDA:5,(anonymous_4)
FNDA:1,(anonymous_5)
FNDA:1,(anonymous_6)
FNDA:1,(anonymous_7)
FNDA:1,(anonymous_8)
FNDA:1,(anonymous_9)
DA:1,1
DA:12,1
DA:13,1
DA:14,1
DA:15,1
DA:19,1
DA:20,5
DA:23,1
DA:24,1
DA:28,1
DA:29,1
DA:33,1
DA:34,1
DA:38,1
DA:39,1
DA:43,1
DA:44,1
LF:17
LH:17
BRDA:23,0,0,1
BRDA:23,0,1,0
BRDA:23,1,0,1
BRDA:23,1,1,1
BRDA:38,2,0,1
BRDA:38,2,1,0
BRDA:38,3,0,1
BRDA:38,3,1,1
BRDA:20,4,0,1
BRDA:20,4,1,0
BRDA:20,5,0,1
BRDA:20,5,1,1
BRF:12
BRH:9
end_of_record
TN:
SF:src/modules/progress/progress.service.ts
FN:8,(anonymous_2)
FN:10,(anonymous_3)
FN:33,(anonymous_4)
FN:40,(anonymous_5)
FN:47,(anonymous_6)
FN:51,(anonymous_7)
FNF:6
FNH:6
FNDA:6,(anonymous_2)
FNDA:2,(anonymous_3)
FNDA:1,(anonymous_4)
FNDA:1,(anonymous_5)
FNDA:1,(anonymous_6)
FNDA:1,(anonymous_7)
DA:1,2
DA:2,2
DA:7,2
DA:8,6
DA:12,2
DA:14,1
DA:23,1
DA:24,1
DA:30,1
DA:34,1
DA:41,1
DA:48,1
DA:52,1
LF:13
LH:13
BRDA:12,0,0,1
BRDA:12,0,1,1
BRDA:16,1,0,1
BRDA:16,1,1,0
BRDA:17,2,0,1
BRDA:17,2,1,0
BRDA:18,3,0,1
BRDA:18,3,1,1
BRDA:19,4,0,1
BRDA:19,4,1,1
BRDA:20,5,0,1
BRDA:20,5,1,1
BRDA:23,6,0,1
BRDA:23,6,1,0
BRDA:8,7,0,2
BRDA:8,7,1,0
BRDA:8,8,0,2
BRDA:8,8,1,2
BRF:18
BRH:14
end_of_record
TN:
SF:src/modules/progress/dto/create-workout-progress.dto.ts
FNF:0
FNH:0
DA:1,1
DA:3,1
DA:5,1
DA:8,1
DA:12,1
DA:16,1
DA:20,1
DA:24,1
DA:28,1
LF:9
LH:9
BRF:0
BRH:0
end_of_record
TN:
SF:src/modules/progress/dto/update-workout-progress.dto.ts
FNF:0
FNH:0
DA:1,1
DA:3,1
DA:6,1
DA:10,1
DA:14,1
DA:18,1
DA:22,1
DA:26,1
DA:30,1
LF:9
LH:9
BRF:0
BRH:0
end_of_record
TN:
SF:src/modules/recommendation/recommendation.controller.ts
FN:16,(anonymous_4)
FN:19,(anonymous_5)
FN:24,(anonymous_6)
FN:29,(anonymous_7)
FN:34,(anonymous_8)
FN:39,(anonymous_9)
FN:44,(anonymous_10)
FNF:7
FNH:7
FNDA:6,(anonymous_4)
FNDA:1,(anonymous_5)
FNDA:1,(anonymous_6)
FNDA:1,(anonymous_7)
FNDA:1,(anonymous_8)
FNDA:1,(anonymous_9)
FNDA:1,(anonymous_10)
DA:1,1
DA:10,1
DA:11,1
DA:12,1
DA:15,1
DA:16,6
DA:19,1
DA:20,1
DA:24,1
DA:25,1
DA:29,1
DA:30,1
DA:34,1
DA:35,1
DA:39,1
DA:40,1
DA:44,1
DA:45,1
LF:18
LH:18
BRDA:19,0,0,1
BRDA:19,0,1,0
BRDA:19,1,0,1
BRDA:19,1,1,1
BRDA:39,2,0,1
BRDA:39,2,1,0
BRDA:39,3,0,1
BRDA:39,3,1,1
BRDA:16,4,0,1
BRDA:16,4,1,0
BRDA:16,5,0,1
BRDA:16,5,1,1
BRF:12
BRH:9
end_of_record
TN:
SF:src/modules/recommendation/recommendation.service.ts
FN:8,(anonymous_2)
FN:10,(anonymous_3)
FN:14,(anonymous_4)
FN:21,(anonymous_5)
FN:25,(anonymous_6)
FN:29,(anonymous_7)
FN:33,(anonymous_8)
FNF:7
FNH:7
FNDA:6,(anonymous_2)
FNDA:1,(anonymous_3)
FNDA:1,(anonymous_4)
FNDA:1,(anonymous_5)
FNDA:1,(anonymous_6)
FNDA:1,(anonymous_7)
FNDA:1,(anonymous_8)
DA:1,2
DA:2,2
DA:7,2
DA:8,6
DA:11,1
DA:15,1
DA:22,1
DA:26,1
DA:30,1
DA:34,1
LF:10
LH:10
BRDA:8,0,0,2
BRDA:8,0,1,0
BRDA:8,1,0,2
BRDA:8,1,1,2
BRF:4
BRH:3
end_of_record
TN:
SF:src/modules/recommendation/dto/create-recommendation.dto.ts
FNF:0
FNH:0
DA:1,1
DA:3,1
DA:5,1
DA:8,1
DA:12,1
DA:16,1
LF:6
LH:6
BRF:0
BRH:0
end_of_record
TN:
SF:src/modules/recommendation/dto/update-recommendation.dto.ts
FNF:0
FNH:0
DA:1,1
DA:2,1
DA:4,1
LF:3
LH:3
BRF:0
BRH:0
end_of_record
TN:
SF:src/modules/sport-type/sport-type.controller.ts
FN:16,(anonymous_4)
FN:19,(anonymous_5)
FN:24,(anonymous_6)
FN:29,(anonymous_7)
FN:34,(anonymous_8)
FN:39,(anonymous_9)
FNF:6
FNH:6
FNDA:5,(anonymous_4)
FNDA:1,(anonymous_5)
FNDA:1,(anonymous_6)
FNDA:1,(anonymous_7)
FNDA:1,(anonymous_8)
FNDA:1,(anonymous_9)
DA:1,1
DA:10,1
DA:11,1
DA:12,1
DA:15,1
DA:16,5
DA:19,1
DA:20,1
DA:24,1
DA:25,1
DA:29,1
DA:30,1
DA:34,1
DA:35,1
DA:39,1
DA:40,1
LF:16
LH:16
BRDA:19,0,0,1
BRDA:19,0,1,0
BRDA:19,1,0,1
BRDA:19,1,1,1
BRDA:34,2,0,1
BRDA:34,2,1,0
BRDA:34,3,0,1
BRDA:34,3,1,1
BRDA:16,4,0,1
BRDA:16,4,1,0
BRDA:16,5,0,1
BRDA:16,5,1,1
BRF:12
BRH:9
end_of_record
TN:
SF:src/modules/sport-type/sport-type.service.ts
FN:8,(anonymous_2)
FN:10,(anonymous_3)
FN:14,(anonymous_4)
FN:18,(anonymous_5)
FN:25,(anonymous_6)
FN:29,(anonymous_7)
FNF:6
FNH:6
FNDA:5,(anonymous_2)
FNDA:1,(anonymous_3)
FNDA:1,(anonymous_4)
FNDA:1,(anonymous_5)
FNDA:1,(anonymous_6)
FNDA:1,(anonymous_7)
DA:1,2
DA:2,2
DA:7,2
DA:8,5
DA:11,1
DA:15,1
DA:19,1
DA:26,1
DA:30,1
LF:9
LH:9
BRDA:8,0,0,2
BRDA:8,0,1,0
BRDA:8,1,0,2
BRDA:8,1,1,2
BRF:4
BRH:3
end_of_record
TN:
SF:src/modules/sport-type/dto/create-sport-type.dto.ts
FNF:0
FNH:0
DA:2,1
DA:4,1
DA:6,1
DA:12,1
LF:4
LH:4
BRF:0
BRH:0
end_of_record
TN:
SF:src/modules/sport-type/dto/update-sport-type.dto.ts
FNF:0
FNH:0
DA:1,1
DA:2,1
DA:4,1
LF:3
LH:3
BRF:0
BRH:0
end_of_record
TN:
SF:src/modules/user/user.controller.ts
FN:18,(anonymous_4)
FN:22,(anonymous_5)
FN:27,(anonymous_6)
FN:31,(anonymous_7)
FN:36,(anonymous_8)
FN:41,(anonymous_9)
FN:46,(anonymous_10)
FNF:7
FNH:7
FNDA:6,(anonymous_4)
FNDA:1,(anonymous_5)
FNDA:1,(anonymous_6)
FNDA:1,(anonymous_7)
FNDA:1,(anonymous_8)
FNDA:1,(anonymous_9)
FNDA:1,(anonymous_10)
DA:1,1
DA:11,1
DA:12,1
DA:13,1
DA:14,1
DA:17,1
DA:18,6
DA:22,1
DA:23,1
DA:27,1
DA:28,1
DA:31,1
DA:32,1
DA:36,1
DA:37,1
DA:41,1
DA:42,1
DA:46,1
DA:47,1
LF:19
LH:19
BRDA:27,0,0,1
BRDA:27,0,1,0
BRDA:27,1,0,1
BRDA:27,1,1,1
BRDA:41,2,0,1
BRDA:41,2,1,0
BRDA:41,3,0,1
BRDA:41,3,1,1
BRDA:18,4,0,1
BRDA:18,4,1,0
BRDA:18,5,0,1
BRDA:18,5,1,1
BRF:12
BRH:9
end_of_record
TN:
SF:src/modules/user/user.service.ts
FN:9,(anonymous_11)
FN:11,(anonymous_12)
FN:29,(anonymous_13)
FN:44,(anonymous_14)
FN:59,(anonymous_15)
FN:63,(anonymous_16)
FN:70,(anonymous_17)
FNF:7
FNH:4
FNDA:3,(anonymous_11)
FNDA:1,(anonymous_12)
FNDA:1,(anonymous_13)
FNDA:1,(anonymous_14)
FNDA:0,(anonymous_15)
FNDA:0,(anonymous_16)
FNDA:0,(anonymous_17)
DA:1,4
DA:2,4
DA:5,4
DA:8,4
DA:9,3
DA:12,1
DA:14,1
DA:26,1
DA:30,1
DA:45,1
DA:60,0
DA:64,0
DA:71,0
LF:13
LH:10
BRDA:9,0,0,4
BRDA:9,0,1,0
BRDA:9,1,0,4
BRDA:9,1,1,4
BRF:4
BRH:3
end_of_record
TN:
SF:src/modules/user/dto/create-user.dto.ts
FNF:0
FNH:0
DA:1,1
DA:10,1
DA:12,1
DA:16,1
DA:20,1
DA:24,1
DA:28,1
DA:32,1
DA:35,1
LF:9
LH:9
BRF:0
BRH:0
end_of_record
TN:
SF:src/modules/user/dto/update-user.dto.ts
FNF:0
FNH:0
DA:1,1
DA:2,1
DA:4,1
LF:3
LH:3
BRF:0
BRH:0
end_of_record
TN:
SF:src/modules/workout-exercise/workout-exercise.controller.ts
FN:16,(anonymous_4)
FN:19,(anonymous_5)
FN:24,(anonymous_6)
FN:29,(anonymous_7)
FN:34,(anonymous_8)
FN:39,(anonymous_9)
FNF:6
FNH:6
FNDA:5,(anonymous_4)
FNDA:1,(anonymous_5)
FNDA:1,(anonymous_6)
FNDA:1,(anonymous_7)
FNDA:1,(anonymous_8)
FNDA:1,(anonymous_9)
DA:1,1
DA:10,1
DA:11,1
DA:12,1
DA:15,1
DA:16,5
DA:19,1
DA:20,1
DA:24,1
DA:25,1
DA:29,1
DA:30,1
DA:34,1
DA:35,1
DA:39,1
DA:40,1
LF:16
LH:16
BRDA:19,0,0,1
BRDA:19,0,1,0
BRDA:19,1,0,1
BRDA:19,1,1,1
BRDA:34,2,0,1
BRDA:34,2,1,0
BRDA:34,3,0,1
BRDA:34,3,1,1
BRDA:16,4,0,1
BRDA:16,4,1,0
BRDA:16,5,0,1
BRDA:16,5,1,1
BRF:12
BRH:9
end_of_record
TN:
SF:src/modules/workout-exercise/workout-exercise.service.ts
FN:8,(anonymous_2)
FN:10,(anonymous_3)
FN:17,(anonymous_4)
FN:21,(anonymous_5)
FN:25,(anonymous_6)
FN:29,(anonymous_7)
FNF:6
FNH:6
FNDA:5,(anonymous_2)
FNDA:1,(anonymous_3)
FNDA:1,(anonymous_4)
FNDA:1,(anonymous_5)
FNDA:1,(anonymous_6)
FNDA:1,(anonymous_7)
DA:1,2
DA:2,2
DA:7,2
DA:8,5
DA:11,1
DA:12,1
DA:18,1
DA:22,1
DA:26,1
DA:30,1
LF:10
LH:10
BRDA:8,0,0,2
BRDA:8,0,1,0
BRDA:8,1,0,2
BRDA:8,1,1,2
BRF:4
BRH:3
end_of_record
TN:
SF:src/modules/workout-exercise/dto/create-workout-exercise.dto.ts
FNF:0
FNH:0
DA:1,1
DA:3,1
DA:5,1
DA:9,1
DA:13,1
DA:17,1
DA:21,1
DA:27,1
DA:31,1
LF:9
LH:9
BRF:0
BRH:0
end_of_record
TN:
SF:src/modules/workout-exercise/dto/update-workout-exercise.dto.ts
FNF:0
FNH:0
DA:1,1
DA:2,1
DA:4,1
LF:3
LH:3
BRF:0
BRH:0
end_of_record
TN:
SF:src/modules/workout-plan/workout-plan.controller.ts
FN:16,(anonymous_4)
FN:19,(anonymous_5)
FN:24,(anonymous_6)
FN:29,(anonymous_7)
FN:34,(anonymous_8)
FN:39,(anonymous_9)
FNF:6
FNH:0
FNDA:0,(anonymous_4)
FNDA:0,(anonymous_5)
FNDA:0,(anonymous_6)
FNDA:0,(anonymous_7)
FNDA:0,(anonymous_8)
FNDA:0,(anonymous_9)
DA:1,0
DA:10,0
DA:11,0
DA:12,0
DA:15,0
DA:16,0
DA:19,0
DA:20,0
DA:24,0
DA:25,0
DA:29,0
DA:30,0
DA:34,0
DA:35,0
DA:39,0
DA:40,0
LF:16
LH:0
BRDA:19,0,0,0
BRDA:19,0,1,0
BRDA:19,1,0,0
BRDA:19,1,1,0
BRDA:34,2,0,0
BRDA:34,2,1,0
BRDA:34,3,0,0
BRDA:34,3,1,0
BRDA:16,4,0,0
BRDA:16,4,1,0
BRDA:16,5,0,0
BRDA:16,5,1,0
BRF:12
BRH:0
end_of_record
TN:
SF:src/modules/workout-plan/workout-plan.service.ts
FN:8,(anonymous_2)
FN:10,(anonymous_3)
FN:21,(anonymous_4)
FN:27,(anonymous_5)
FN:34,(anonymous_6)
FN:51,(anonymous_7)
FNF:6
FNH:6
FNDA:6,(anonymous_2)
FNDA:2,(anonymous_3)
FNDA:1,(anonymous_4)
FNDA:1,(anonymous_5)
FNDA:1,(anonymous_6)
FNDA:1,(anonymous_7)
DA:1,2
DA:2,2
DA:7,2
DA:8,6
DA:11,2
DA:12,2
DA:13,2
DA:14,2
DA:15,2
DA:22,1
DA:28,1
DA:35,1
DA:36,1
DA:37,1
DA:38,1
DA:40,1
DA:41,0
DA:42,0
DA:44,1
DA:52,1
LF:20
LH:18
BRDA:12,0,0,2
BRDA:12,0,1,0
BRDA:36,1,0,1
BRDA:36,1,1,0
BRDA:40,2,0,0
BRDA:40,2,1,1
BRDA:8,3,0,2
BRDA:8,3,1,0
BRDA:8,4,0,2
BRDA:8,4,1,2
BRF:10
BRH:6
end_of_record
TN:
SF:src/modules/workout-plan/dto/create-workout-plan.dto.ts
FNF:0
FNH:0
DA:1,0
DA:3,0
DA:5,0
DA:9,0
DA:13,0
DA:18,0
LF:6
LH:0
BRF:0
BRH:0
end_of_record
TN:
SF:src/modules/workout-plan/dto/update-workout-plan.dto.ts
FNF:0
FNH:0
DA:1,0
DA:2,0
DA:4,0
LF:3
LH:0
BRF:0
BRH:0
end_of_record
TN:
SF:src/modules/workout-result/workout-result.controller.ts
FN:19,(anonymous_4)
FN:22,(anonymous_5)
FN:27,(anonymous_6)
FN:32,(anonymous_7)
FN:37,(anonymous_8)
FN:42,(anonymous_9)
FNF:6
FNH:6
FNDA:5,(anonymous_4)
FNDA:1,(anonymous_5)
FNDA:1,(anonymous_6)
FNDA:1,(anonymous_7)
FNDA:1,(anonymous_8)
FNDA:1,(anonymous_9)
DA:1,1
DA:11,1
DA:12,1
DA:13,1
DA:14,1
DA:18,1
DA:19,5
DA:22,1
DA:23,1
DA:27,1
DA:28,1
DA:32,1
DA:33,1
DA:37,1
DA:38,1
DA:42,1
DA:43,1
LF:17
LH:17
BRDA:22,0,0,1
BRDA:22,0,1,0
BRDA:22,1,0,1
BRDA:22,1,1,1
BRDA:37,2,0,1
BRDA:37,2,1,0
BRDA:37,3,0,1
BRDA:37,3,1,1
BRDA:19,4,0,1
BRDA:19,4,1,0
BRDA:19,5,0,1
BRDA:19,5,1,1
BRF:12
BRH:9
end_of_record
TN:
SF:src/modules/workout-result/workout-result.service.ts
FN:8,(anonymous_2)
FN:13,(anonymous_3)
FN:36,(anonymous_4)
FN:66,(anonymous_5)
FN:75,(anonymous_6)
FN:87,(anonymous_7)
FNF:6
FNH:6
FNDA:8,(anonymous_2)
FNDA:1,(anonymous_3)
FNDA:2,(anonymous_4)
FNDA:1,(anonymous_5)
FNDA:2,(anonymous_6)
FNDA:2,(anonymous_7)
DA:1,2
DA:2,2
DA:7,2
DA:8,8
DA:14,1
DA:23,1
DA:24,1
DA:27,1
DA:37,2
DA:40,2
DA:42,1
DA:44,1
DA:45,1
DA:46,1
DA:50,1
DA:51,1
DA:52,1
DA:53,1
DA:54,1
DA:56,1
DA:67,1
DA:76,2
DA:80,2
DA:81,1
DA:88,2
DA:91,2
DA:93,1
LF:27
LH:27
BRDA:16,0,0,1
BRDA:16,0,1,0
BRDA:17,1,0,1
BRDA:17,1,1,0
BRDA:18,2,0,1
BRDA:18,2,1,0
BRDA:19,3,0,1
BRDA:19,3,1,0
BRDA:20,4,0,1
BRDA:20,4,1,0
BRDA:23,5,0,1
BRDA:23,5,1,0
BRDA:40,6,0,1
BRDA:40,6,1,1
BRDA:44,7,0,0
BRDA:44,7,1,1
BRDA:45,8,0,1
BRDA:45,8,1,0
BRDA:46,9,0,0
BRDA:46,9,1,1
BRDA:50,10,0,1
BRDA:50,10,1,0
BRDA:51,11,0,0
BRDA:51,11,1,1
BRDA:52,12,0,0
BRDA:52,12,1,1
BRDA:53,13,0,0
BRDA:53,13,1,1
BRDA:54,14,0,0
BRDA:54,14,1,1
BRDA:80,15,0,1
BRDA:80,15,1,1
BRDA:91,16,0,1
BRDA:91,16,1,1
BRDA:8,17,0,2
BRDA:8,17,1,0
BRDA:8,18,0,2
BRDA:8,18,1,2
BRF:38
BRH:23
end_of_record
TN:
SF:src/modules/workout-result/dto/create-workout-result.dto.ts
FNF:0
FNH:0
DA:1,1
DA:2,1
DA:4,1
DA:7,1
DA:11,1
DA:15,1
DA:19,1
DA:23,1
DA:27,1
LF:9
LH:9
BRF:0
BRH:0
end_of_record
TN:
SF:src/modules/workout-result/dto/update-workout-result.dto.ts
FNF:0
FNH:0
DA:1,1
DA:3,1
DA:6,1
DA:10,1
DA:14,1
DA:18,1
DA:21,1
DA:24,1
DA:28,1
LF:9
LH:9
BRF:0
BRH:0
end_of_record
TN:
SF:src/prisma/prisma.service.ts
FN:9,(anonymous_1)
FN:13,(anonymous_2)
FNF:2
FNH:0
FNDA:0,(anonymous_1)
FNDA:0,(anonymous_2)
DA:1,22
DA:2,22
DA:5,22
DA:10,0
DA:14,0
LF:5
LH:3
BRF:0
BRH:0
end_of_record
